{
  "RSpec": {
    "coverage": {
      "/Users/anderscodes/Desktop/Makers/bank_tech_testv2/spec/account_spec.rb": [
        1,
        null,
        1,
        3,
        null,
        1,
        1,
        null,
        null,
        1,
        1,
        null,
        null
      ],
      "/Users/anderscodes/Desktop/Makers/bank_tech_testv2/lib/account.rb": [
        1,
        null,
        1,
        null,
        1,
        4,
        null,
        null,
        1,
        null,
        null,
        null
      ],
      "/Users/anderscodes/Desktop/Makers/bank_tech_testv2/spec/feature_spec/feature_spec.rb": [
        1,
        null,
        1,
        3,
        1,
        null,
        1,
        1,
        null,
        null,
        1,
        1,
        1,
        null,
        null,
        null
      ]
    },
    "timestamp": 1529504392
  }
}
